This is pdfTeX, Version 3.141592653-2.6-1.40.23 (TeX Live 2021) (preloaded format=pdflatex 2022.2.3)  4 FEB 2022 16:44
entering extended mode
 \write18 enabled.
 %&-line parsing enabled.
**../mcmpaper.tex
(../mcmpaper.tex
LaTeX2e <2021-11-15> patch level 1
L3 programming layer <2022-01-21>
(/usr/local/texlive/2021/texmf-dist/tex/latex/base/article.cls
Document Class: article 2021/10/04 v1.4n Standard LaTeX document class
(/usr/local/texlive/2021/texmf-dist/tex/latex/base/size12.clo
File: size12.clo 2021/10/04 v1.4n Standard LaTeX file (size option)
)
\c@part=\count185
\c@section=\count186
\c@subsection=\count187
\c@subsubsection=\count188
\c@paragraph=\count189
\c@subparagraph=\count190
\c@figure=\count191
\c@table=\count192
\abovecaptionskip=\skip47
\belowcaptionskip=\skip48
\bibindent=\dimen138
)
(/home/sayno/mcm/2022-4//./preamble.tex
(/usr/local/texlive/2021/texmf-dist/tex/latex/appendix/appendix.sty
Package: appendix 2020/02/08 v1.2c extra appendix facilities
\c@@pps=\count193
\c@@ppsavesec=\count194
\c@@ppsaveapp=\count195
)
(/usr/local/texlive/2021/texmf-dist/tex/latex/graphics/graphicx.sty
Package: graphicx 2021/09/16 v1.2d Enhanced LaTeX Graphics (DPC,SPQR)

(/usr/local/texlive/2021/texmf-dist/tex/latex/graphics/keyval.sty
Package: keyval 2014/10/28 v1.15 key=value parser (DPC)
\KV@toks@=\toks16
)
(/usr/local/texlive/2021/texmf-dist/tex/latex/graphics/graphics.sty
Package: graphics 2021/03/04 v1.4d Standard LaTeX Graphics (DPC,SPQR)

(/usr/local/texlive/2021/texmf-dist/tex/latex/graphics/trig.sty
Package: trig 2021/08/11 v1.11 sin cos tan (DPC)
)
(/usr/local/texlive/2021/texmf-dist/tex/latex/graphics-cfg/graphics.cfg
File: graphics.cfg 2016/06/04 v1.11 sample graphics configuration
)
Package graphics Info: Driver file: pdftex.def on input line 107.

(/usr/local/texlive/2021/texmf-dist/tex/latex/graphics-def/pdftex.def
File: pdftex.def 2020/10/05 v1.2a Graphics/color driver for pdftex
))
\Gin@req@height=\dimen139
\Gin@req@width=\dimen140
)
(/usr/local/texlive/2021/texmf-dist/tex/latex/amsmath/amsmath.sty
Package: amsmath 2021/10/15 v2.17l AMS math features
\@mathmargin=\skip49

For additional information on amsmath, use the `?' option.
(/usr/local/texlive/2021/texmf-dist/tex/latex/amsmath/amstext.sty
Package: amstext 2021/08/26 v2.01 AMS text

(/usr/local/texlive/2021/texmf-dist/tex/latex/amsmath/amsgen.sty
File: amsgen.sty 1999/11/30 v2.0 generic functions
\@emptytoks=\toks17
\ex@=\dimen141
))
(/usr/local/texlive/2021/texmf-dist/tex/latex/amsmath/amsbsy.sty
Package: amsbsy 1999/11/29 v1.2d Bold Symbols
\pmbraise@=\dimen142
)
(/usr/local/texlive/2021/texmf-dist/tex/latex/amsmath/amsopn.sty
Package: amsopn 2021/08/26 v2.02 operator names
)
\inf@bad=\count196
LaTeX Info: Redefining \frac on input line 234.
\uproot@=\count197
\leftroot@=\count198
LaTeX Info: Redefining \overline on input line 399.
\classnum@=\count199
\DOTSCASE@=\count266
LaTeX Info: Redefining \ldots on input line 496.
LaTeX Info: Redefining \dots on input line 499.
LaTeX Info: Redefining \cdots on input line 620.
\Mathstrutbox@=\box50
\strutbox@=\box51
\big@size=\dimen143
LaTeX Font Info:    Redeclaring font encoding OML on input line 743.
LaTeX Font Info:    Redeclaring font encoding OMS on input line 744.
\macc@depth=\count267
\c@MaxMatrixCols=\count268
\dotsspace@=\muskip16
\c@parentequation=\count269
\dspbrk@lvl=\count270
\tag@help=\toks18
\row@=\count271
\column@=\count272
\maxfields@=\count273
\andhelp@=\toks19
\eqnshift@=\dimen144
\alignsep@=\dimen145
\tagshift@=\dimen146
\tagwidth@=\dimen147
\totwidth@=\dimen148
\lineht@=\dimen149
\@envbody=\toks20
\multlinegap=\skip50
\multlinetaggap=\skip51
\mathdisplay@stack=\toks21
LaTeX Info: Redefining \[ on input line 2938.
LaTeX Info: Redefining \] on input line 2939.
)
(/usr/local/texlive/2021/texmf-dist/tex/latex/amsfonts/amssymb.sty
Package: amssymb 2013/01/14 v3.01 AMS font symbols

(/usr/local/texlive/2021/texmf-dist/tex/latex/amsfonts/amsfonts.sty
Package: amsfonts 2013/01/14 v3.01 Basic AMSFonts support
\symAMSa=\mathgroup4
\symAMSb=\mathgroup5
LaTeX Font Info:    Redeclaring math symbol \hbar on input line 98.
LaTeX Font Info:    Overwriting math alphabet `\mathfrak' in version `bold'
(Font)                  U/euf/m/n --> U/euf/b/n on input line 106.
))
(/usr/local/texlive/2021/texmf-dist/tex/latex/amscls/amsthm.sty
Package: amsthm 2020/05/29 v2.20.6
\thm@style=\toks22
\thm@bodyfont=\toks23
\thm@headfont=\toks24
\thm@notefont=\toks25
\thm@headpunct=\toks26
\thm@preskip=\skip52
\thm@postskip=\skip53
\thm@headsep=\skip54
\dth@everypar=\toks27
)
\c@Theorem=\count274

(/usr/local/texlive/2021/texmf-dist/tex/latex/xcolor/xcolor.sty
Package: xcolor 2021/10/31 v2.13 LaTeX color extensions (UK)

(/usr/local/texlive/2021/texmf-dist/tex/latex/graphics-cfg/color.cfg
File: color.cfg 2016/01/02 v1.6 sample color configuration
)
Package xcolor Info: Driver file: pdftex.def on input line 227.
Package xcolor Info: Model `cmy' substituted by `cmy0' on input line 1352.
Package xcolor Info: Model `hsb' substituted by `rgb' on input line 1356.
Package xcolor Info: Model `RGB' extended on input line 1368.
Package xcolor Info: Model `HTML' substituted by `rgb' on input line 1370.
Package xcolor Info: Model `Hsb' substituted by `hsb' on input line 1371.
Package xcolor Info: Model `tHsb' substituted by `hsb' on input line 1372.
Package xcolor Info: Model `HSB' substituted by `hsb' on input line 1373.
Package xcolor Info: Model `Gray' substituted by `gray' on input line 1374.
Package xcolor Info: Model `wave' substituted by `hsb' on input line 1375.
)
(/usr/local/texlive/2021/texmf-dist/tex/latex/geometry/geometry.sty
Package: geometry 2020/01/02 v5.9 Page Geometry

(/usr/local/texlive/2021/texmf-dist/tex/generic/iftex/ifvtex.sty
Package: ifvtex 2019/10/25 v1.7 ifvtex legacy package. Use iftex instead.

(/usr/local/texlive/2021/texmf-dist/tex/generic/iftex/iftex.sty
Package: iftex 2020/03/06 v1.0d TeX engine tests
))
\Gm@cnth=\count275
\Gm@cntv=\count276
\c@Gm@tempcnt=\count277
\Gm@bindingoffset=\dimen150
\Gm@wd@mp=\dimen151
\Gm@odd@mp=\dimen152
\Gm@even@mp=\dimen153
\Gm@layoutwidth=\dimen154
\Gm@layoutheight=\dimen155
\Gm@layouthoffset=\dimen156
\Gm@layoutvoffset=\dimen157
\Gm@dimlist=\toks28
)
(/usr/local/texlive/2021/texmf-dist/tex/latex/fancyhdr/fancyhdr.sty
Package: fancyhdr 2021/01/28 v4.0.1 Extensive control of page headers and foote
rs
\f@nch@headwidth=\skip55
\f@nch@O@elh=\skip56
\f@nch@O@erh=\skip57
\f@nch@O@olh=\skip58
\f@nch@O@orh=\skip59
\f@nch@O@elf=\skip60
\f@nch@O@erf=\skip61
\f@nch@O@olf=\skip62
\f@nch@O@orf=\skip63
)
(/usr/local/texlive/2021/texmf-dist/tex/latex/lastpage/lastpage.sty
Package: lastpage 2021/09/03 v1.2n Refers to last page's name (HMM; JPG)
)
(/usr/local/texlive/2021/texmf-dist/tex/latex/minted/minted.sty
Package: minted 2021/12/24 v2.6 Yet another Pygments shim for LaTeX

(/usr/local/texlive/2021/texmf-dist/tex/latex/kvoptions/kvoptions.sty
Package: kvoptions 2020-10-07 v3.14 Key value format for package options (HO)

(/usr/local/texlive/2021/texmf-dist/tex/generic/ltxcmds/ltxcmds.sty
Package: ltxcmds 2020-05-10 v1.25 LaTeX kernel commands for general use (HO)
)
(/usr/local/texlive/2021/texmf-dist/tex/generic/kvsetkeys/kvsetkeys.sty
Package: kvsetkeys 2019/12/15 v1.18 Key value parser (HO)
))
(/usr/local/texlive/2021/texmf-dist/tex/latex/fvextra/fvextra.sty
Package: fvextra 2019/02/04 v1.4 fvextra - extensions and patches for fancyvrb

(/usr/local/texlive/2021/texmf-dist/tex/latex/base/ifthen.sty
Package: ifthen 2020/11/24 v1.1c Standard LaTeX ifthen package (DPC)
)
(/usr/local/texlive/2021/texmf-dist/tex/latex/etoolbox/etoolbox.sty
Package: etoolbox 2020/10/05 v2.5k e-TeX tools for LaTeX (JAW)
\etb@tempcnta=\count278
)
(/usr/local/texlive/2021/texmf-dist/tex/latex/fancyvrb/fancyvrb.sty
Package: fancyvrb 2021/12/21 4.1b verbatim text (tvz,hv)
\FV@CodeLineNo=\count279
\FV@InFile=\read2
\FV@TabBox=\box52
\c@FancyVerbLine=\count280
\FV@StepNumber=\count281
\FV@OutFile=\write3
)
(/usr/local/texlive/2021/texmf-dist/tex/latex/upquote/upquote.sty
Package: upquote 2012/04/19 v1.3 upright-quote and grave-accent glyphs in verba
tim
)
(/usr/local/texlive/2021/texmf-dist/tex/latex/lineno/lineno.sty
Package: lineno 2005/11/02 line numbers on paragraphs v4.41
\linenopenalty=\count282
\output=\toks29
\linenoprevgraf=\count283
\linenumbersep=\dimen158
\linenumberwidth=\dimen159
\c@linenumber=\count284
\c@pagewiselinenumber=\count285
\c@LN@truepage=\count286
\c@internallinenumber=\count287
\c@internallinenumbers=\count288
\quotelinenumbersep=\dimen160
\bframerule=\dimen161
\bframesep=\dimen162
\bframebox=\box53
LaTeX Info: Redefining \\ on input line 3056.
)
\c@FV@TrueTabGroupLevel=\count289
\c@FV@TrueTabCounter=\count290
\FV@TabBox@Group=\box54
\FV@TmpLength=\skip64
\c@FV@HighlightLinesStart=\count291
\c@FV@HighlightLinesStop=\count292
\FV@LoopCount=\count293
\FV@NCharsBox=\box55
\FV@BreakIndent=\dimen163
\FV@BreakIndentNChars=\count294
\FV@BreakSymbolSepLeft=\dimen164
\FV@BreakSymbolSepLeftNChars=\count295
\FV@BreakSymbolSepRight=\dimen165
\FV@BreakSymbolSepRightNChars=\count296
\FV@BreakSymbolIndentLeft=\dimen166
\FV@BreakSymbolIndentLeftNChars=\count297
\FV@BreakSymbolIndentRight=\dimen167
\FV@BreakSymbolIndentRightNChars=\count298
\c@FancyVerbLineBreakLast=\count299
\FV@LineBox=\box56
\FV@LineIndentBox=\box57
\FV@LineWidth=\dimen168
)
(/usr/local/texlive/2021/texmf-dist/tex/latex/tools/calc.sty
Package: calc 2017/05/25 v4.3 Infix arithmetic (KKT,FJ)
\calc@Acount=\count300
\calc@Bcount=\count301
\calc@Adimen=\dimen169
\calc@Bdimen=\dimen170
\calc@Askip=\skip65
\calc@Bskip=\skip66
LaTeX Info: Redefining \setlength on input line 80.
LaTeX Info: Redefining \addtolength on input line 81.
\calc@Ccount=\count302
\calc@Cskip=\skip67
)
(/usr/local/texlive/2021/texmf-dist/tex/latex/tools/shellesc.sty
Package: shellesc 2019/11/08 v1.0c unified shell escape interface for LaTeX
Package shellesc Info: Unrestricted shell escape enabled on input line 75.
)
(/usr/local/texlive/2021/texmf-dist/tex/latex/ifplatform/ifplatform.sty
Package: ifplatform 2017/10/13 v0.4a Testing for the operating system

(/usr/local/texlive/2021/texmf-dist/tex/generic/pdftexcmds/pdftexcmds.sty
Package: pdftexcmds 2020-06-27 v0.33 Utility functions of pdfTeX for LuaTeX (HO
)

(/usr/local/texlive/2021/texmf-dist/tex/generic/infwarerr/infwarerr.sty
Package: infwarerr 2019/12/03 v1.5 Providing info/warning/error messages (HO)
)
Package pdftexcmds Info: \pdf@primitive is available.
Package pdftexcmds Info: \pdf@ifprimitive is available.
Package pdftexcmds Info: \pdfdraftmode found.
)
(/usr/local/texlive/2021/texmf-dist/tex/generic/catchfile/catchfile.sty
Package: catchfile 2019/12/09 v1.8 Catch the contents of a file (HO)

(/usr/local/texlive/2021/texmf-dist/tex/generic/etexcmds/etexcmds.sty
Package: etexcmds 2019/12/15 v1.7 Avoid name clashes with e-TeX commands (HO)
))
(/usr/local/texlive/2021/texmf-dist/tex/generic/iftex/ifluatex.sty
Package: ifluatex 2019/10/25 v1.5 ifluatex legacy package. Use iftex instead.
)
runsystem(uname -s > "mcmpaper.w18")...executed.


(./mcmpaper.w18)
runsystem(rm -- "mcmpaper.w18")...executed.

)
(/usr/local/texlive/2021/texmf-dist/tex/generic/xstring/xstring.sty
(/usr/local/texlive/2021/texmf-dist/tex/generic/xstring/xstring.tex
\integerpart=\count303
\decimalpart=\count304
)
Package: xstring 2021/07/21 v1.84 String manipulations (CT)
)
(/usr/local/texlive/2021/texmf-dist/tex/latex/framed/framed.sty
Package: framed 2011/10/22 v 0.96: framed or shaded text with page breaks
\OuterFrameSep=\skip68
\fb@frw=\dimen171
\fb@frh=\dimen172
\FrameRule=\dimen173
\FrameSep=\dimen174
)
(/usr/local/texlive/2021/texmf-dist/tex/latex/float/float.sty
Package: float 2001/11/08 v1.3d Float enhancements (AL)
\c@float@type=\count305
\float@exts=\toks30
\float@box=\box58
\@float@everytoks=\toks31
\@floatcapt=\box59
)
\minted@appexistsfile=\read3
\minted@bgbox=\box60
\minted@code=\write4
\c@minted@FancyVerbLineTemp=\count306
\c@minted@pygmentizecounter=\count307
\@float@every@listing=\toks32
\c@listing=\count308
)
runsystem(mkdir -p _minted-mcmpaper)...executed.


(/usr/local/texlive/2021/texmf-dist/tex/latex/hyperref/hyperref.sty
Package: hyperref 2021-06-07 v7.00m Hypertext links for LaTeX

(/usr/local/texlive/2021/texmf-dist/tex/generic/kvdefinekeys/kvdefinekeys.sty
Package: kvdefinekeys 2019-12-19 v1.6 Define keys (HO)
)
(/usr/local/texlive/2021/texmf-dist/tex/generic/pdfescape/pdfescape.sty
Package: pdfescape 2019/12/09 v1.15 Implements pdfTeX's escape features (HO)
)
(/usr/local/texlive/2021/texmf-dist/tex/latex/hycolor/hycolor.sty
Package: hycolor 2020-01-27 v1.10 Color options for hyperref/bookmark (HO)
)
(/usr/local/texlive/2021/texmf-dist/tex/latex/letltxmacro/letltxmacro.sty
Package: letltxmacro 2019/12/03 v1.6 Let assignment for LaTeX macros (HO)
)
(/usr/local/texlive/2021/texmf-dist/tex/latex/auxhook/auxhook.sty
Package: auxhook 2019-12-17 v1.6 Hooks for auxiliary files (HO)
)
\@linkdim=\dimen175
\Hy@linkcounter=\count309
\Hy@pagecounter=\count310

(/usr/local/texlive/2021/texmf-dist/tex/latex/hyperref/pd1enc.def
File: pd1enc.def 2021-06-07 v7.00m Hyperref: PDFDocEncoding definition (HO)
Now handling font encoding PD1 ...
... no UTF-8 mapping file for font encoding PD1
)
(/usr/local/texlive/2021/texmf-dist/tex/latex/hyperref/hyperref-langpatches.def
File: hyperref-langpatches.def 2021-06-07 v7.00m Hyperref: patches for babel la
nguages
) (/usr/local/texlive/2021/texmf-dist/tex/generic/intcalc/intcalc.sty
Package: intcalc 2019/12/15 v1.3 Expandable calculations with integers (HO)
)
\Hy@SavedSpaceFactor=\count311

(/usr/local/texlive/2021/texmf-dist/tex/latex/hyperref/puenc.def
File: puenc.def 2021-06-07 v7.00m Hyperref: PDF Unicode definition (HO)
Now handling font encoding PU ...
... no UTF-8 mapping file for font encoding PU
)
Package hyperref Info: Hyper figures OFF on input line 4192.
Package hyperref Info: Link nesting OFF on input line 4197.
Package hyperref Info: Hyper index ON on input line 4200.
Package hyperref Info: Plain pages OFF on input line 4207.
Package hyperref Info: Backreferencing OFF on input line 4212.
Package hyperref Info: Implicit mode ON; LaTeX internals redefined.
Package hyperref Info: Bookmarks ON on input line 4445.
\c@Hy@tempcnt=\count312

(/usr/local/texlive/2021/texmf-dist/tex/latex/url/url.sty
\Urlmuskip=\muskip17
Package: url 2013/09/16  ver 3.4  Verb mode for urls, etc.
)
LaTeX Info: Redefining \url on input line 4804.
\XeTeXLinkMargin=\dimen176

(/usr/local/texlive/2021/texmf-dist/tex/generic/bitset/bitset.sty
Package: bitset 2019/12/09 v1.3 Handle bit-vector datatype (HO)

(/usr/local/texlive/2021/texmf-dist/tex/generic/bigintcalc/bigintcalc.sty
Package: bigintcalc 2019/12/15 v1.5 Expandable calculations on big integers (HO
)
))
\Fld@menulength=\count313
\Field@Width=\dimen177
\Fld@charsize=\dimen178
Package hyperref Info: Hyper figures OFF on input line 6076.
Package hyperref Info: Link nesting OFF on input line 6081.
Package hyperref Info: Hyper index ON on input line 6084.
Package hyperref Info: backreferencing OFF on input line 6091.
Package hyperref Info: Link coloring OFF on input line 6096.
Package hyperref Info: Link coloring with OCG OFF on input line 6101.
Package hyperref Info: PDF/A mode OFF on input line 6106.
LaTeX Info: Redefining \ref on input line 6146.
LaTeX Info: Redefining \pageref on input line 6150.

(/usr/local/texlive/2021/texmf-dist/tex/latex/base/atbegshi-ltx.sty
Package: atbegshi-ltx 2021/01/10 v1.0c Emulation of the original atbegshi
package with kernel methods
)
\Hy@abspage=\count314
\c@Item=\count315
\c@Hfootnote=\count316
)
Package hyperref Info: Driver (autodetected): hpdftex.

(/usr/local/texlive/2021/texmf-dist/tex/latex/hyperref/hpdftex.def
File: hpdftex.def 2021-06-07 v7.00m Hyperref driver for pdfTeX

(/usr/local/texlive/2021/texmf-dist/tex/latex/base/atveryend-ltx.sty
Package: atveryend-ltx 2020/08/19 v1.0a Emulation of the original atveryend pac
kage
with kernel methods
)
\Fld@listcount=\count317
\c@bookmark@seq@number=\count318

(/usr/local/texlive/2021/texmf-dist/tex/latex/rerunfilecheck/rerunfilecheck.sty
Package: rerunfilecheck 2019/12/05 v1.9 Rerun checks for auxiliary files (HO)

(/usr/local/texlive/2021/texmf-dist/tex/generic/uniquecounter/uniquecounter.sty
Package: uniquecounter 2019/12/15 v1.4 Provide unlimited unique counter (HO)
)
Package uniquecounter Info: New unique counter `rerunfilecheck' on input line 2
86.
)
\Hy@SectionHShift=\skip69
) (/usr/local/texlive/2021/texmf-dist/tex/latex/psnfss/mathptmx.sty
Package: mathptmx 2020/03/25 PSNFSS-v9.3 Times w/ Math, improved (SPQR, WaS) 
LaTeX Font Info:    Redeclaring symbol font `operators' on input line 28.
LaTeX Font Info:    Overwriting symbol font `operators' in version `normal'
(Font)                  OT1/cmr/m/n --> OT1/ztmcm/m/n on input line 28.
LaTeX Font Info:    Overwriting symbol font `operators' in version `bold'
(Font)                  OT1/cmr/bx/n --> OT1/ztmcm/m/n on input line 28.
LaTeX Font Info:    Redeclaring symbol font `letters' on input line 29.
LaTeX Font Info:    Overwriting symbol font `letters' in version `normal'
(Font)                  OML/cmm/m/it --> OML/ztmcm/m/it on input line 29.
LaTeX Font Info:    Overwriting symbol font `letters' in version `bold'
(Font)                  OML/cmm/b/it --> OML/ztmcm/m/it on input line 29.
LaTeX Font Info:    Redeclaring symbol font `symbols' on input line 30.
LaTeX Font Info:    Overwriting symbol font `symbols' in version `normal'
(Font)                  OMS/cmsy/m/n --> OMS/ztmcm/m/n on input line 30.
LaTeX Font Info:    Overwriting symbol font `symbols' in version `bold'
(Font)                  OMS/cmsy/b/n --> OMS/ztmcm/m/n on input line 30.
LaTeX Font Info:    Redeclaring symbol font `largesymbols' on input line 31.
LaTeX Font Info:    Overwriting symbol font `largesymbols' in version `normal'
(Font)                  OMX/cmex/m/n --> OMX/ztmcm/m/n on input line 31.
LaTeX Font Info:    Overwriting symbol font `largesymbols' in version `bold'
(Font)                  OMX/cmex/m/n --> OMX/ztmcm/m/n on input line 31.
\symbold=\mathgroup6
\symitalic=\mathgroup7
LaTeX Font Info:    Redeclaring math alphabet \mathbf on input line 34.
LaTeX Font Info:    Overwriting math alphabet `\mathbf' in version `normal'
(Font)                  OT1/cmr/bx/n --> OT1/ptm/bx/n on input line 34.
LaTeX Font Info:    Overwriting math alphabet `\mathbf' in version `bold'
(Font)                  OT1/cmr/bx/n --> OT1/ptm/bx/n on input line 34.
LaTeX Font Info:    Redeclaring math alphabet \mathit on input line 35.
LaTeX Font Info:    Overwriting math alphabet `\mathit' in version `normal'
(Font)                  OT1/cmr/m/it --> OT1/ptm/m/it on input line 35.
LaTeX Font Info:    Overwriting math alphabet `\mathit' in version `bold'
(Font)                  OT1/cmr/bx/it --> OT1/ptm/m/it on input line 35.
LaTeX Info: Redefining \hbar on input line 50.
)
(/usr/local/texlive/2021/texmf-dist/tex/latex/lipsum/lipsum.sty
(/usr/local/texlive/2021/texmf-dist/tex/latex/l3packages/l3keys2e/l3keys2e.sty
(/usr/local/texlive/2021/texmf-dist/tex/latex/l3kernel/expl3.sty
Package: expl3 2022-01-21 L3 programming layer (loader) 

(/usr/local/texlive/2021/texmf-dist/tex/latex/l3backend/l3backend-pdftex.def
File: l3backend-pdftex.def 2022-01-12 L3 backend support: PDF output (pdfTeX)
\l__color_backend_stack_int=\count319
\l__pdf_internal_box=\box61
))
Package: l3keys2e 2022-01-12 LaTeX2e option processing using LaTeX3 keys
)
Package: lipsum 2021-09-20 v2.7 150 paragraphs of Lorem Ipsum dummy text
\g__lipsum_par_int=\count320
\l__lipsum_a_int=\count321
\l__lipsum_b_int=\count322
(/usr/local/texlive/2021/texmf-dist/tex/latex/lipsum/lipsum.ltd.tex)))
(/usr/local/texlive/2021/texmf-dist/tex/latex/subfiles/subfiles.sty
Package: subfiles 2020/11/14 v2.2 Multi-file projects (package)

(/usr/local/texlive/2021/texmf-dist/tex/latex/import/import.sty
Package: import 2020/04/01  v 6.2
))
(/usr/local/texlive/2021/texmf-dist/tex/latex/enumitem/enumitem.sty
Package: enumitem 2019/06/20 v3.9 Customized lists
\labelindent=\skip70
\enit@outerparindent=\dimen179
\enit@toks=\toks33
\enit@inbox=\box62
\enit@count@id=\count323
\enitdp@description=\count324
)
(/usr/local/texlive/2021/texmf-dist/tex/latex/tabularray/tabularray.sty
Package: tabularray 2021-12-01 v2021Q Typeset tabulars and arrays with LaTeX3

(/usr/local/texlive/2021/texmf-dist/tex/latex/l3packages/xparse/xparse.sty
Package: xparse 2022-01-12 L3 Experimental document command parser
)
\l__tblr_a_int=\count325
\l__tblr_c_int=\count326
\l__tblr_r_int=\count327
\l__tblr_d_dim=\dimen180
\l__tblr_h_dim=\dimen181
\l__tblr_o_dim=\dimen182
\l__tblr_p_dim=\dimen183
\l__tblr_q_dim=\dimen184
\l__tblr_r_dim=\dimen185
\l__tblr_s_dim=\dimen186
\l__tblr_t_dim=\dimen187
\l__tblr_v_dim=\dimen188
\l__tblr_w_dim=\dimen189
\l__tblr_a_box=\box63
\l__tblr_b_box=\box64
\l__tblr_c_box=\box65
\l__tblr_d_box=\box66
\g__tblr_table_count_int=\count328
\c@rownum=\count329
\c@colnum=\count330
\c@rowcount=\count331
\c@colcount=\count332
\abovesep=\dimen190
\belowsep=\dimen191
\leftsep=\dimen192
\rightsep=\dimen193
\g_tblr_level_int=\count333
\g__tblr_data_row_key_count_int=\count334
\g__tblr_data_column_key_count_int=\count335
\g__tblr_data_cell_key_count_int=\count336
\g__tblr_array_int=\count337
\l__tblr_key_count_int=\count338
\l__tblr_key_quotient_int=\count339
\l__tblr_key_quotient_two_int=\count340
\l__tblr_key_remainder_int=\count341
\g__tblr_data_str_value_count_int=\count342
\rulewidth=\dimen194
\l__multicolumn_cell_number_int=\count343
\l__tblr_strut_ht_box=\box67
\l__tblr_strut_dp_box=\box68
\g__tblr_cell_wd_dim=\dimen195
\g__tblr_cell_ht_dim=\dimen196
\g__tblr_cell_head_dim=\dimen197
\g__tblr_cell_foot_dim=\dimen198
\l__column_target_dim=\dimen199
\l__tblr_caption_box=\box69
\l__tblr_caption_left_box=\box70
\l__tblr_row_head_box=\box71
\l__tblr_row_foot_box=\box72
\l__tblr_row_head_foot_dim=\dimen256
\tablewidth=\dimen257
\l__tblr_table_firsthead_box=\box73
\l__tblr_table_middlehead_box=\box74
\l__tblr_table_lasthead_box=\box75
\l__tblr_table_firstfoot_box=\box76
\l__tblr_table_middlefoot_box=\box77
\l__tblr_table_lastfoot_box=\box78
\l__tblr_remain_height_dim=\dimen258
\l__tblr_long_from_int=\count344
\l__tblr_long_to_int=\count345
\l__tblr_curr_i_int=\count346
\l__tblr_prev_i_int=\count347
\l__tblr_table_page_int=\count348
\l__tblr_table_head_box=\box79
\l__tblr_table_foot_box=\box80
\l__tblr_table_head_foot_dim=\dimen259
\l__tblr_table_head_body_foot_dim=\dimen260
\l__tblr_table_box=\box81
\l__tblr_table_hlines_box=\box82
\l__tblr_hline_box=\box83
\l__tblr_row_box=\box84
\l__tblr_col_o_wd_dim=\dimen261
\l__tblr_col_b_wd_dim=\dimen262
\l__tblr_hline_leftskip_dim=\dimen263
\l__tblr_hline_rightskip_dim=\dimen264
\l__tblr_row_ht_dim=\dimen265
\l__tblr_row_dp_dim=\dimen266
\l__tblr_row_abovesep_dim=\dimen267
\l__tblr_row_belowsep_dim=\dimen268
\l__tblr_row_vlines_box=\box85
\l__tblr_vline_box=\box86
\l__tblr_cell_box=\box87
\l__row_upper_dim=\dimen269
\l__row_lower_dim=\dimen270
\l__row_vpace_dim=\dimen271
\l__tblr_vline_aboveskip_dim=\dimen272
\l__tblr_vline_belowskip_dim=\dimen273
\l__tblr_cell_wd_dim=\dimen274
\l__tblr_cell_ht_dim=\dimen275
\l__tblr_diag_box=\box88
)
(/usr/local/texlive/2021/texmf-dist/tex/latex/subfigure/subfigure.sty
Package: subfigure 2002/03/15 v2.1.5 subfigure package
\subfigtopskip=\skip71
\subfigcapskip=\skip72
\subfigcaptopadj=\dimen276
\subfigbottomskip=\skip73
\subfigcapmargin=\dimen277
\subfiglabelskip=\skip74
\c@subfigure=\count349
\c@lofdepth=\count350
\c@subtable=\count351
\c@lotdepth=\count352

****************************************
* Local config file subfigure.cfg used *
****************************************
(/usr/local/texlive/2021/texmf-dist/tex/latex/subfigure/subfigure.cfg)
\subfig@top=\skip75
\subfig@bottom=\skip76
)
(/usr/local/texlive/2021/texmf-dist/tex/latex/tools/indentfirst.sty
Package: indentfirst 1995/11/23 v1.03 Indent first paragraph (DPC)
)
(/usr/local/texlive/2021/texmf-dist/tex/latex/threeparttable/threeparttable.sty
Package: threeparttable 2003/06/13  v 3.0
\@tempboxb=\box89
) (/usr/local/texlive/2021/texmf-dist/tex/latex/titlesec/titlesec.sty
Package: titlesec 2021/07/05 v2.14 Sectioning titles
\ttl@box=\box90
\beforetitleunit=\skip77
\aftertitleunit=\skip78
\ttl@plus=\dimen278
\ttl@minus=\dimen279
\ttl@toksa=\toks34
\titlewidth=\dimen280
\titlewidthlast=\dimen281
\titlewidthfirst=\dimen282
)
(/usr/local/texlive/2021/texmf-dist/tex/latex/caption/caption.sty
Package: caption 2020/10/26 v3.5g Customizing captions (AR)

(/usr/local/texlive/2021/texmf-dist/tex/latex/caption/caption3.sty
Package: caption3 2020/10/21 v2.2e caption3 kernel (AR)
\captionmargin=\dimen283
\captionmargin@=\dimen284
\captionwidth=\dimen285
\caption@tempdima=\dimen286
\caption@indent=\dimen287
\caption@parindent=\dimen288
\caption@hangindent=\dimen289
Package caption Info: Standard document class detected.
)
\c@caption@flags=\count353
\c@continuedfloat=\count354
Package caption Info: float package is loaded.
Package caption Info: hyperref package is loaded.
Package caption Info: subfigure package is loaded.
Package caption Info: threeparttable package is loaded.
)
(/usr/local/texlive/2021/texmf-dist/tex/latex/tocloft/tocloft.sty
Package: tocloft 2017/08/31 v2.3i parameterised ToC, etc., typesetting
Package tocloft Info: The document has section divisions on input line 51.
\cftparskip=\skip79
\cftbeforetoctitleskip=\skip80
\cftaftertoctitleskip=\skip81
\cftbeforepartskip=\skip82
\cftpartnumwidth=\skip83
\cftpartindent=\skip84
\cftbeforesecskip=\skip85
\cftsecindent=\skip86
\cftsecnumwidth=\skip87
\cftbeforesubsecskip=\skip88
\cftsubsecindent=\skip89
\cftsubsecnumwidth=\skip90
\cftbeforesubsubsecskip=\skip91
\cftsubsubsecindent=\skip92
\cftsubsubsecnumwidth=\skip93
\cftbeforeparaskip=\skip94
\cftparaindent=\skip95
\cftparanumwidth=\skip96
\cftbeforesubparaskip=\skip97
\cftsubparaindent=\skip98
\cftsubparanumwidth=\skip99
\cftbeforeloftitleskip=\skip100
\cftafterloftitleskip=\skip101
\cftbeforefigskip=\skip102
\cftfigindent=\skip103
\cftfignumwidth=\skip104
\cftbeforelottitleskip=\skip105
\cftafterlottitleskip=\skip106
\cftbeforetabskip=\skip107
\cfttabindent=\skip108
\cfttabnumwidth=\skip109
\cftbeforesubfigskip=\skip110
\cftsubfigindent=\skip111
\cftsubfignumwidth=\skip112
\cftbeforesubtabskip=\skip113
\cftsubtabindent=\skip114
\cftsubtabnumwidth=\skip115
)
(/usr/local/texlive/2021/texmf-dist/tex/latex/attachfile2/attachfile2.sty
Package: attachfile2 2019/11/26 v2.11 Attach files into PDF (HO)

(/usr/local/texlive/2021/texmf-dist/tex/latex/attachfile2/atfi-pdftex.def
File: atfi-pdftex.def 2019/11/26 v2.11 attachfile2 driver for pdfTeX (HO)
)
(./mcmpaper.atfi)
\atfi@stream=\write5
\openout5 = `mcmpaper.atfi'.

\atfi@appearancewidth=\skip116
\atfi@appearanceheight=\skip117
\atfi@appearancedepth=\skip118
\atfi@appearancebox=\box91
\c@atfi@flags=\count355
)
runsystem(which pygmentize && touch mcmpaper.aex)...executed.

runsystem(rm mcmpaper.aex)...executed.

LaTeX Font Info:    Trying to load font information for OT1+ptm on input line 5
5.

(/usr/local/texlive/2021/texmf-dist/tex/latex/psnfss/ot1ptm.fd
File: ot1ptm.fd 2001/06/04 font definitions for OT1/ptm.
) (./mcmpaper.aux)
\openout1 = `mcmpaper.aux'.

LaTeX Font Info:    Checking defaults for OML/cmm/m/it on input line 55.
LaTeX Font Info:    ... okay on input line 55.
LaTeX Font Info:    Checking defaults for OMS/cmsy/m/n on input line 55.
LaTeX Font Info:    ... okay on input line 55.
LaTeX Font Info:    Checking defaults for OT1/cmr/m/n on input line 55.
LaTeX Font Info:    ... okay on input line 55.
LaTeX Font Info:    Checking defaults for T1/cmr/m/n on input line 55.
LaTeX Font Info:    ... okay on input line 55.
LaTeX Font Info:    Checking defaults for TS1/cmr/m/n on input line 55.
LaTeX Font Info:    ... okay on input line 55.
LaTeX Font Info:    Checking defaults for OMX/cmex/m/n on input line 55.
LaTeX Font Info:    ... okay on input line 55.
LaTeX Font Info:    Checking defaults for U/cmr/m/n on input line 55.
LaTeX Font Info:    ... okay on input line 55.
LaTeX Font Info:    Checking defaults for PD1/pdf/m/n on input line 55.
LaTeX Font Info:    ... okay on input line 55.
LaTeX Font Info:    Checking defaults for PU/pdf/m/n on input line 55.
LaTeX Font Info:    ... okay on input line 55.
 (/usr/local/texlive/2021/texmf-dist/tex/context/base/mkii/supp-pdf.mkii
[Loading MPS to PDF converter (version 2006.09.02).]
\scratchcounter=\count356
\scratchdimen=\dimen290
\scratchbox=\box92
\nofMPsegments=\count357
\nofMParguments=\count358
\everyMPshowfont=\toks35
\MPscratchCnt=\count359
\MPscratchDim=\dimen291
\MPnumerator=\count360
\makeMPintoPDFobject=\count361
\everyMPtoPDFconversion=\toks36
) (/usr/local/texlive/2021/texmf-dist/tex/latex/epstopdf-pkg/epstopdf-base.sty
Package: epstopdf-base 2020-01-24 v2.11 Base part for package epstopdf

(/usr/local/texlive/2021/texmf-dist/tex/latex/grfext/grfext.sty
Package: grfext 2019/12/03 v1.3 Manage graphics extensions (HO)
)
Package epstopdf-base Info: Redefining graphics rule for `.eps' on input line 4
85.
Package grfext Info: Graphics extension search list:
(grfext)             [.pdf,.png,.jpg,.mps,.jpeg,.jbig2,.jb2,.PDF,.PNG,.JPG,.JPE
G,.JBIG2,.JB2,.eps]
(grfext)             \AppendGraphicsExtensions on input line 504.

(/usr/local/texlive/2021/texmf-dist/tex/latex/latexconfig/epstopdf-sys.cfg
File: epstopdf-sys.cfg 2010/07/13 v1.3 Configuration of (r)epstopdf for TeX Liv
e
))
*geometry* driver: auto-detecting
*geometry* detected driver: pdftex
*geometry* verbose mode - [ preamble ] result:
* driver: pdftex
* paper: a4paper
* layout: <same size as paper>
* layoutoffset:(h,v)=(0.0pt,0.0pt)
* modes: 
* h-part:(L,W,R)=(58.74939pt, 480.0091pt, 58.74939pt)
* v-part:(T,H,B)=(58.74939pt, 727.54807pt, 58.74939pt)
* \paperwidth=597.50787pt
* \paperheight=845.04684pt
* \textwidth=480.0091pt
* \textheight=727.54807pt
* \oddsidemargin=-13.5206pt
* \evensidemargin=-13.5206pt
* \topmargin=-50.5206pt
* \headheight=12.0pt
* \headsep=25.0pt
* \topskip=12.0pt
* \footskip=30.0pt
* \marginparwidth=44.0pt
* \marginparsep=10.0pt
* \columnsep=10.0pt
* \skip\footins=10.8pt plus 4.0pt minus 2.0pt
* \hoffset=0.0pt
* \voffset=0.0pt
* \mag=1000
* \@twocolumnfalse
* \@twosidefalse
* \@mparswitchfalse
* \@reversemarginfalse
* (1in=72.27pt=25.4mm, 1cm=28.453pt)

Package lastpage Info: Please have a look at the pageslts package at
(lastpage)             https://www.ctan.org/pkg/pageslts
(lastpage)             ! on input line 55.
Package hyperref Info: Link coloring OFF on input line 55.
(/usr/local/texlive/2021/texmf-dist/tex/latex/hyperref/nameref.sty
Package: nameref 2021-04-02 v2.47 Cross-referencing by name of section

(/usr/local/texlive/2021/texmf-dist/tex/latex/refcount/refcount.sty
Package: refcount 2019/12/15 v3.6 Data extraction from label references (HO)
)
(/usr/local/texlive/2021/texmf-dist/tex/generic/gettitlestring/gettitlestring.s
ty
Package: gettitlestring 2019/12/15 v1.6 Cleanup title references (HO)
)
\c@section@level=\count362
)
LaTeX Info: Redefining \ref on input line 55.
LaTeX Info: Redefining \pageref on input line 55.
LaTeX Info: Redefining \nameref on input line 55.
 (./mcmpaper.out) (./mcmpaper.out)
\@outlinefile=\write6
\openout6 = `mcmpaper.out'.


(/usr/local/texlive/2021/texmf-dist/tex/latex/ninecolors/ninecolors.sty
Package: ninecolors 2021/05/24 v2021C Select colors with proper color contrast
)
Package caption Info: Begin \AtBeginDocument code.
Package caption Info: End \AtBeginDocument code.

(/home/sayno/mcm/2022-4//./segments/abstract_.tex) [1

{/usr/local/texlive/2021/texmf-var/fonts/map/pdftex/updmap/pdftex.map}] (./mcmp
aper.toc)
\tf@toc=\write7
\openout7 = `mcmpaper.toc'.

 [2]
(/home/sayno/mcm/2022-4//./segments/introduction_.tex
LaTeX Font Info:    Trying to load font information for OT1+ztmcm on input line
 5.

(/usr/local/texlive/2021/texmf-dist/tex/latex/psnfss/ot1ztmcm.fd
File: ot1ztmcm.fd 2000/01/03 Fontinst v1.801 font definitions for OT1/ztmcm.
)
LaTeX Font Info:    Trying to load font information for OML+ztmcm on input line
 5.

(/usr/local/texlive/2021/texmf-dist/tex/latex/psnfss/omlztmcm.fd
File: omlztmcm.fd 2000/01/03 Fontinst v1.801 font definitions for OML/ztmcm.
)
LaTeX Font Info:    Trying to load font information for OMS+ztmcm on input line
 5.

(/usr/local/texlive/2021/texmf-dist/tex/latex/psnfss/omsztmcm.fd
File: omsztmcm.fd 2000/01/03 Fontinst v1.801 font definitions for OMS/ztmcm.
)
LaTeX Font Info:    Trying to load font information for OMX+ztmcm on input line
 5.

(/usr/local/texlive/2021/texmf-dist/tex/latex/psnfss/omxztmcm.fd
File: omxztmcm.fd 2000/01/03 Fontinst v1.801 font definitions for OMX/ztmcm.
)
LaTeX Font Info:    Font shape `OT1/ptm/bx/n' in size <12> not available
(Font)              Font shape `OT1/ptm/b/n' tried instead on input line 5.
LaTeX Font Info:    Font shape `OT1/ptm/bx/n' in size <9> not available
(Font)              Font shape `OT1/ptm/b/n' tried instead on input line 5.
LaTeX Font Info:    Font shape `OT1/ptm/bx/n' in size <7> not available
(Font)              Font shape `OT1/ptm/b/n' tried instead on input line 5.
LaTeX Font Info:    Trying to load font information for TS1+ptm on input line 9
.

(/usr/local/texlive/2021/texmf-dist/tex/latex/psnfss/ts1ptm.fd
File: ts1ptm.fd 2001/06/04 font definitions for TS1/ptm.
)

LaTeX Warning: Reference `item:1' on page 3 undefined on input line 16.


Overfull \hbox (6.62248pt too wide) in paragraph at lines 22--23
[]\OT1/ptm/m/n/12 Are spe-cific qual-ity de-scrip-tors of text-based re-views s
uch as `en-thu-si-as-tic', `dis-ap-pointed',
 []


LaTeX Warning: Reference `fig:1.3.1' on page 3 undefined on input line 26.

</home/sayno/mcm/2022-4/figures//1-3.png, id=15, 1544.77126pt x 706.89093pt>
File: /home/sayno/mcm/2022-4/figures//1-3.png Graphic file (type png)
<use /home/sayno/mcm/2022-4/figures//1-3.png>
Package pdftex.def Info: /home/sayno/mcm/2022-4/figures//1-3.png  used on input
 line 29.
(pdftex.def)             Requested size: 386.19186pt x 176.72229pt.

LaTeX Warning: Reference `a' on page 3 undefined on input line 35.


LaTeX Warning: Reference `LastPage' on page 3 undefined on input line 37.


Package fancyhdr Warning: \headheight is too small (12.0pt): 
(fancyhdr)                Make it at least 13.59999pt, for example:
(fancyhdr)                \setlength{\headheight}{13.59999pt}.
(fancyhdr)                You might also make \topmargin smaller to compensate:

(fancyhdr)                \addtolength{\topmargin}{-1.59999pt}.

[3]

LaTeX Warning: Reference `b' on page 4 undefined on input line 37.


LaTeX Warning: Reference `c' on page 4 undefined on input line 39.


LaTeX Warning: Reference `d' on page 4 undefined on input line 41.


LaTeX Warning: Reference `e' on page 4 undefined on input line 43.

) (/home/sayno/mcm/2022-4//./segments/analysis_.tex

LaTeX Warning: Reference `LastPage' on page 4 undefined on input line 17.


Package fancyhdr Warning: \headheight is too small (12.0pt): 
(fancyhdr)                Make it at least 13.59999pt, for example:
(fancyhdr)                \setlength{\headheight}{13.59999pt}.
(fancyhdr)                You might also make \topmargin smaller to compensate:

(fancyhdr)                \addtolength{\topmargin}{-1.59999pt}.

[4 </home/sayno/mcm/2022-4/figures//1-3.png>])
(/home/sayno/mcm/2022-4//./segments/calculate_.tex
> Step: init table outer spec.
> Step: parse table options.
> Step: split table.
> Step: init table inner spec.
> Step: parse table inner spec.
> Step: execute table commands.
> Step: calculate cell and line sizes.

Overfull \hbox (4.81013pt too wide) in paragraph at lines 43--43
 [][]\OT1/ptm/m/n/12 helpful[]ratio[] 
 []


Overfull \hbox (4.81013pt too wide) in paragraph at lines 43--43
 [][]\OT1/ptm/m/n/12 helpful[]ratio[] 
 []

> Step: build the whole table.

Overfull \hbox (4.81013pt too wide) in paragraph at lines 43--43
 [][]\OT1/ptm/m/n/12 helpful[]ratio[] 
 []


Overfull \hbox (4.81013pt too wide) in paragraph at lines 43--43
 [][]\OT1/ptm/m/n/12 helpful[]ratio[] 
 []

)
Overfull \hbox (17.62482pt too wide) in paragraph at lines 26--72
[]$[]$
 []


Underfull \hbox (badness 10000) in paragraph at lines 26--72

 []

(/home/sayno/mcm/2022-4//./segments/model_result.tex

LaTeX Warning: Reference `tab:4.1.1' on page 5 undefined on input line 9.


Package caption Warning: The option `hypcap=true' will be ignored for this
(caption)                particular \caption on input line 11.
See the caption package documentation for explanation.

> Step: init table outer spec.
> Step: parse table options.
> Step: split table.
> Step: init table inner spec.
> Step: parse table inner spec.
> Step: execute table commands.
> Step: calculate cell and line sizes.

Overfull \hbox (1.91562pt too wide) in paragraph at lines 21--21
 [][]\OT1/ptm/m/n/12 marketplace[] 
 []


Overfull \hbox (1.91562pt too wide) in paragraph at lines 21--21
 [][]\OT1/ptm/m/n/12 marketplace[] 
 []


Overfull \hbox (1.0397pt too wide) in paragraph at lines 21--21
 [][]\OT1/ptm/m/n/12 customer[]id[] 
 []


Overfull \hbox (1.0397pt too wide) in paragraph at lines 21--21
 [][]\OT1/ptm/m/n/12 customer[]id[] 
 []


Overfull \hbox (26.83972pt too wide) in paragraph at lines 21--21
 [][]\OT1/ptm/m/n/12 verified[]purchase[] 
 []


Overfull \hbox (26.83972pt too wide) in paragraph at lines 21--21
 [][]\OT1/ptm/m/n/12 verified[]purchase[] 
 []

> Step: build the whole table.

Overfull \hbox (1.91562pt too wide) in paragraph at lines 21--21
 [][]\OT1/ptm/m/n/12 marketplace[] 
 []


Overfull \hbox (1.91562pt too wide) in paragraph at lines 21--21
 [][]\OT1/ptm/m/n/12 marketplace[] 
 []


Overfull \hbox (1.0397pt too wide) in paragraph at lines 21--21
 [][]\OT1/ptm/m/n/12 customer[]id[] 
 []


Overfull \hbox (1.0397pt too wide) in paragraph at lines 21--21
 [][]\OT1/ptm/m/n/12 customer[]id[] 
 []


Overfull \hbox (26.83972pt too wide) in paragraph at lines 21--21
 [][]\OT1/ptm/m/n/12 verified[]purchase[] 
 []


Overfull \hbox (26.83972pt too wide) in paragraph at lines 21--21
 [][]\OT1/ptm/m/n/12 verified[]purchase[] 
 []


LaTeX Warning: Reference `fig:4.2.1' on page 5 undefined on input line 24.

</home/sayno/mcm/2022-4/figures//4.2.1.png, id=41, 833.1125pt x 736.7525pt>
File: /home/sayno/mcm/2022-4/figures//4.2.1.png Graphic file (type png)
<use /home/sayno/mcm/2022-4/figures//4.2.1.png>
Package pdftex.def Info: /home/sayno/mcm/2022-4/figures//4.2.1.png  used on inp
ut line 29.
(pdftex.def)             Requested size: 99.96918pt x 88.40648pt.
</home/sayno/mcm/2022-4/figures//4.2.2.png, id=42, 833.1125pt x 733.74126pt>
File: /home/sayno/mcm/2022-4/figures//4.2.2.png Graphic file (type png)
<use /home/sayno/mcm/2022-4/figures//4.2.2.png>
Package pdftex.def Info: /home/sayno/mcm/2022-4/figures//4.2.2.png  used on inp
ut line 33.
(pdftex.def)             Requested size: 99.96918pt x 88.04515pt.
</home/sayno/mcm/2022-4/figures//4.2.3.png, id=43, 833.1125pt x 710.655pt>
File: /home/sayno/mcm/2022-4/figures//4.2.3.png Graphic file (type png)
<use /home/sayno/mcm/2022-4/figures//4.2.3.png>
Package pdftex.def Info: /home/sayno/mcm/2022-4/figures//4.2.3.png  used on inp
ut line 37.
(pdftex.def)             Requested size: 99.96918pt x 85.27492pt.

LaTeX Warning: Reference `fig:4.2.1' on page 5 undefined on input line 42.


LaTeX Warning: Reference `LastPage' on page 5 undefined on input line 43.


Package fancyhdr Warning: \headheight is too small (12.0pt): 
(fancyhdr)                Make it at least 13.59999pt, for example:
(fancyhdr)                \setlength{\headheight}{13.59999pt}.
(fancyhdr)                You might also make \topmargin smaller to compensate:

(fancyhdr)                \addtolength{\topmargin}{-1.59999pt}.

[5]

LaTeX Warning: Reference `fig:4.2.4' on page 6 undefined on input line 44.

</home/sayno/mcm/2022-4/figures//4.2.4.png, id=57, 474.77374pt x 286.06876pt>
File: /home/sayno/mcm/2022-4/figures//4.2.4.png Graphic file (type png)
<use /home/sayno/mcm/2022-4/figures//4.2.4.png>
Package pdftex.def Info: /home/sayno/mcm/2022-4/figures//4.2.4.png  used on inp
ut line 47.
(pdftex.def)             Requested size: 237.38629pt x 143.03403pt.

Package caption Warning: The option `hypcap=true' will be ignored for this
(caption)                particular \caption on input line 48.
See the caption package documentation for explanation.


Overfull \hbox (3.01674pt too wide) in paragraph at lines 44--51
\OT1/ptm/m/n/12 ful.Intuitively, the ex-pres-sion of help rate is $\OML/ztmcm/m
/it/12 helpful[]votes=total[]votes$\OT1/ptm/m/n/12 , but con-sid-er-ing that $\
OML/ztmcm/m/it/12 total[]otes$
 []


LaTeX Warning: Reference `fig:4.2.5' on page 6 undefined on input line 52.

</home/sayno/mcm/2022-4/figures//4.2.5.png, id=58, 463.7325pt x 274.02374pt>
File: /home/sayno/mcm/2022-4/figures//4.2.5.png Graphic file (type png)
<use /home/sayno/mcm/2022-4/figures//4.2.5.png>
Package pdftex.def Info: /home/sayno/mcm/2022-4/figures//4.2.5.png  used on inp
ut line 55.
(pdftex.def)             Requested size: 231.86568pt x 137.01154pt.

Package caption Warning: The option `hypcap=true' will be ignored for this
(caption)                particular \caption on input line 56.
See the caption package documentation for explanation.


LaTeX Warning: Reference `LastPage' on page 6 undefined on input line 60.


Package fancyhdr Warning: \headheight is too small (12.0pt): 
(fancyhdr)                Make it at least 13.59999pt, for example:
(fancyhdr)                \setlength{\headheight}{13.59999pt}.
(fancyhdr)                You might also make \topmargin smaller to compensate:

(fancyhdr)                \addtolength{\topmargin}{-1.59999pt}.

[6 </home/sayno/mcm/2022-4/figures//4.2.1.png> </home/sayno/mcm/2022-4/figures/
/4.2.2.png> </home/sayno/mcm/2022-4/figures//4.2.3.png> </home/sayno/mcm/2022-4
/figures//4.2.4.png (PNG copy)>]

LaTeX Warning: Reference `fig:4.2.5' on page 7 undefined on input line 60.


Package caption Warning: The type was already set to `figure'
(caption)                 on input line 66.
See the caption package documentation for explanation.

> Step: init table outer spec.
> Step: parse table options.
> Step: split table.
> Step: init table inner spec.
> Step: parse table inner spec.
> Step: execute table commands.
> Step: calculate cell and line sizes.
> Step: build the whole table.

Package caption Warning: The type was already set to `figure'
(caption)                 on input line 86.
See the caption package documentation for explanation.

> Step: init table outer spec.
> Step: parse table options.
> Step: split table.
> Step: init table inner spec.
> Step: parse table inner spec.
> Step: execute table commands.
> Step: calculate cell and line sizes.
> Step: build the whole table.

LaTeX Warning: Reference `tab:4.3.1' on page 7 undefined on input line 105.


LaTeX Warning: Reference `tab:4.3.2' on page 7 undefined on input line 105.


LaTeX Warning: Citation `1' on page 7 undefined on input line 108.


LaTeX Warning: Citation `2' on page 7 undefined on input line 108.


LaTeX Warning: Reference `LastPage' on page 7 undefined on input line 109.


Package fancyhdr Warning: \headheight is too small (12.0pt): 
(fancyhdr)                Make it at least 13.59999pt, for example:
(fancyhdr)                \setlength{\headheight}{13.59999pt}.
(fancyhdr)                You might also make \topmargin smaller to compensate:

(fancyhdr)                \addtolength{\topmargin}{-1.59999pt}.

[7 </home/sayno/mcm/2022-4/figures//4.2.5.png (PNG copy)>]

LaTeX Warning: Reference `fig:4.4.1' on page 8 undefined on input line 110.

</home/sayno/mcm/2022-4/figures//4.4.1.png, id=81, 1116.42094pt x 479.54156pt>
File: /home/sayno/mcm/2022-4/figures//4.4.1.png Graphic file (type png)
<use /home/sayno/mcm/2022-4/figures//4.4.1.png>
Package pdftex.def Info: /home/sayno/mcm/2022-4/figures//4.4.1.png  used on inp
ut line 113.
(pdftex.def)             Requested size: 334.92886pt x 143.86357pt.

LaTeX Warning: Reference `fig:4.4.a' on page 8 undefined on input line 131.

</home/sayno/mcm/2022-4/figures//4.4.2.png, id=82, 135.6705pt x 128.4435pt>
File: /home/sayno/mcm/2022-4/figures//4.4.2.png Graphic file (type png)
<use /home/sayno/mcm/2022-4/figures//4.4.2.png>
Package pdftex.def Info: /home/sayno/mcm/2022-4/figures//4.4.2.png  used on inp
ut line 136.
(pdftex.def)             Requested size: 108.53653pt x 102.75493pt.
</home/sayno/mcm/2022-4/figures//4.4.3.png, id=83, 138.9555pt x 127.7865pt>
File: /home/sayno/mcm/2022-4/figures//4.4.3.png Graphic file (type png)
<use /home/sayno/mcm/2022-4/figures//4.4.3.png>
Package pdftex.def Info: /home/sayno/mcm/2022-4/figures//4.4.3.png  used on inp
ut line 139.
(pdftex.def)             Requested size: 111.16454pt x 102.22932pt.
</home/sayno/mcm/2022-4/figures//4.4.4.png, id=84, 144.2115pt x 100.1925pt>
File: /home/sayno/mcm/2022-4/figures//4.4.4.png Graphic file (type png)
<use /home/sayno/mcm/2022-4/figures//4.4.4.png>
Package pdftex.def Info: /home/sayno/mcm/2022-4/figures//4.4.4.png  used on inp
ut line 142.
(pdftex.def)             Requested size: 115.36934pt x 80.1541pt.

LaTeX Warning: Reference `LastPage' on page 8 undefined on input line 150.


Package fancyhdr Warning: \headheight is too small (12.0pt): 
(fancyhdr)                Make it at least 13.59999pt, for example:
(fancyhdr)                \setlength{\headheight}{13.59999pt}.
(fancyhdr)                You might also make \topmargin smaller to compensate:

(fancyhdr)                \addtolength{\topmargin}{-1.59999pt}.

[8 </home/sayno/mcm/2022-4/figures//4.4.1.png>]

LaTeX Warning: Citation `3' on page 9 undefined on input line 151.


LaTeX Warning: Reference `fig:5.1.1' on page 9 undefined on input line 151.


LaTeX Warning: Reference `fig:5.1.1' on page 9 undefined on input line 151.

</home/sayno/mcm/2022-4/figures//5.1.1.png, id=95, 511.15968pt x 414.79968pt>
File: /home/sayno/mcm/2022-4/figures//5.1.1.png Graphic file (type png)
<use /home/sayno/mcm/2022-4/figures//5.1.1.png>
Package pdftex.def Info: /home/sayno/mcm/2022-4/figures//5.1.1.png  used on inp
ut line 157.
(pdftex.def)             Requested size: 178.90855pt x 145.18207pt.
</home/sayno/mcm/2022-4/figures//5.1.2.png, id=96, 510.40688pt x 414.04688pt>
File: /home/sayno/mcm/2022-4/figures//5.1.2.png Graphic file (type png)
<use /home/sayno/mcm/2022-4/figures//5.1.2.png>
Package pdftex.def Info: /home/sayno/mcm/2022-4/figures//5.1.2.png  used on inp
ut line 161.
(pdftex.def)             Requested size: 178.64508pt x 144.91856pt.

LaTeX Warning: Reference `fig:5.1.a' on page 9 undefined on input line 165.


Package caption Warning: The option `hypcap=true' will be ignored for this
(caption)                particular \caption on input line 167.
See the caption package documentation for explanation.

> Step: init table outer spec.
> Step: parse table options.
> Step: split table.
> Step: init table inner spec.
> Step: parse table inner spec.
> Step: execute table commands.
> Step: calculate cell and line sizes.
> Step: build the whole table.

LaTeX Warning: Reference `LastPage' on page 9 undefined on input line 181.


Package fancyhdr Warning: \headheight is too small (12.0pt): 
(fancyhdr)                Make it at least 13.59999pt, for example:
(fancyhdr)                \setlength{\headheight}{13.59999pt}.
(fancyhdr)                You might also make \topmargin smaller to compensate:

(fancyhdr)                \addtolength{\topmargin}{-1.59999pt}.

[9 </home/sayno/mcm/2022-4/figures//4.4.2.png> </home/sayno/mcm/2022-4/figures/
/4.4.3.png> </home/sayno/mcm/2022-4/figures//4.4.4.png> </home/sayno/mcm/2022-4
/figures//5.1.1.png> </home/sayno/mcm/2022-4/figures//5.1.2.png>]

LaTeX Warning: Reference `tab:5.1.1' on page 10 undefined on input line 181.


LaTeX Warning: Citation `4' on page 10 undefined on input line 183.


LaTeX Warning: Reference `fig:5.2.1' on page 10 undefined on input line 183.

</home/sayno/mcm/2022-4/figures//5.2.1.png, id=111, 1174.3875pt x 554.82281pt>
File: /home/sayno/mcm/2022-4/figures//5.2.1.png Graphic file (type png)
<use /home/sayno/mcm/2022-4/figures//5.2.1.png>
Package pdftex.def Info: /home/sayno/mcm/2022-4/figures//5.2.1.png  used on inp
ut line 186.
(pdftex.def)             Requested size: 352.31897pt x 166.44812pt.

Package caption Warning: The option `hypcap=true' will be ignored for this
(caption)                particular \caption on input line 187.
See the caption package documentation for explanation.


LaTeX Warning: Reference `tab:5.2.1' on page 10 undefined on input line 191.


Package caption Warning: The option `hypcap=true' will be ignored for this
(caption)                particular \caption on input line 193.
See the caption package documentation for explanation.

> Step: init table outer spec.
> Step: parse table options.
> Step: split table.
> Step: init table inner spec.
> Step: parse table inner spec.
> Step: execute table commands.
> Step: calculate cell and line sizes.

Overfull \hbox (13.34143pt too wide) in paragraph at lines 206--206
 [][]\OT1/ptm/m/n/12 R230LCPQDOFJJZ[] 
 []


Overfull \hbox (13.34143pt too wide) in paragraph at lines 206--206
 [][]\OT1/ptm/m/n/12 R230LCPQDOFJJZ[] 
 []


Overfull \hbox (13.97775pt too wide) in paragraph at lines 206--206
 [][]\OT1/ptm/m/n/12 R21NN9ONVZITI0[] 
 []


Overfull \hbox (13.97775pt too wide) in paragraph at lines 206--206
 [][]\OT1/ptm/m/n/12 R21NN9ONVZITI0[] 
 []


Overfull \hbox (22.66542pt too wide) in paragraph at lines 206--206
 [][]\OT1/ptm/m/n/12 R3N0F2FKJOMGKK[] 
 []


Overfull \hbox (22.66542pt too wide) in paragraph at lines 206--206
 [][]\OT1/ptm/m/n/12 R3N0F2FKJOMGKK[] 
 []

> Step: build the whole table.

Overfull \hbox (13.34143pt too wide) in paragraph at lines 206--206
 [][]\OT1/ptm/m/n/12 R230LCPQDOFJJZ[] 
 []


Overfull \hbox (13.34143pt too wide) in paragraph at lines 206--206
 [][]\OT1/ptm/m/n/12 R230LCPQDOFJJZ[] 
 []


Overfull \hbox (13.97775pt too wide) in paragraph at lines 206--206
 [][]\OT1/ptm/m/n/12 R21NN9ONVZITI0[] 
 []


Overfull \hbox (13.97775pt too wide) in paragraph at lines 206--206
 [][]\OT1/ptm/m/n/12 R21NN9ONVZITI0[] 
 []


Overfull \hbox (22.66542pt too wide) in paragraph at lines 206--206
 [][]\OT1/ptm/m/n/12 R3N0F2FKJOMGKK[] 
 []


Overfull \hbox (22.66542pt too wide) in paragraph at lines 206--206
 [][]\OT1/ptm/m/n/12 R3N0F2FKJOMGKK[] 
 []


LaTeX Warning: Reference `tab:5.2.2' on page 10 undefined on input line 209.


Package caption Warning: The option `hypcap=true' will be ignored for this
(caption)                particular \caption on input line 211.
See the caption package documentation for explanation.

> Step: init table outer spec.
> Step: parse table options.
> Step: split table.
> Step: init table inner spec.
> Step: parse table inner spec.
> Step: execute table commands.
> Step: calculate cell and line sizes.

Overfull \hbox (29.34174pt too wide) in paragraph at lines 224--224
 [][]\OT1/ptm/m/n/12 R230LCPQDOFJJZ[] 
 []


Overfull \hbox (29.34174pt too wide) in paragraph at lines 224--224
 [][]\OT1/ptm/m/n/12 R230LCPQDOFJJZ[] 
 []


Overfull \hbox (29.97806pt too wide) in paragraph at lines 224--224
 [][]\OT1/ptm/m/n/12 R21NN9ONVZITI0[] 
 []


Overfull \hbox (29.97806pt too wide) in paragraph at lines 224--224
 [][]\OT1/ptm/m/n/12 R21NN9ONVZITI0[] 
 []


Overfull \hbox (38.66573pt too wide) in paragraph at lines 224--224
 [][]\OT1/ptm/m/n/12 R3N0F2FKJOMGKK[] 
 []


Overfull \hbox (38.66573pt too wide) in paragraph at lines 224--224
 [][]\OT1/ptm/m/n/12 R3N0F2FKJOMGKK[] 
 []

> Step: build the whole table.

Overfull \hbox (29.34174pt too wide) in paragraph at lines 224--224
 [][]\OT1/ptm/m/n/12 R230LCPQDOFJJZ[] 
 []


Overfull \hbox (29.34174pt too wide) in paragraph at lines 224--224
 [][]\OT1/ptm/m/n/12 R230LCPQDOFJJZ[] 
 []


Overfull \hbox (29.97806pt too wide) in paragraph at lines 224--224
 [][]\OT1/ptm/m/n/12 R21NN9ONVZITI0[] 
 []


Overfull \hbox (29.97806pt too wide) in paragraph at lines 224--224
 [][]\OT1/ptm/m/n/12 R21NN9ONVZITI0[] 
 []


Overfull \hbox (38.66573pt too wide) in paragraph at lines 224--224
 [][]\OT1/ptm/m/n/12 R3N0F2FKJOMGKK[] 
 []


Overfull \hbox (38.66573pt too wide) in paragraph at lines 224--224
 [][]\OT1/ptm/m/n/12 R3N0F2FKJOMGKK[] 
 []


LaTeX Warning: Reference `LastPage' on page 10 undefined on input line 227.


Package fancyhdr Warning: \headheight is too small (12.0pt): 
(fancyhdr)                Make it at least 13.59999pt, for example:
(fancyhdr)                \setlength{\headheight}{13.59999pt}.
(fancyhdr)                You might also make \topmargin smaller to compensate:

(fancyhdr)                \addtolength{\topmargin}{-1.59999pt}.

[10 </home/sayno/mcm/2022-4/figures//5.2.1.png>]

LaTeX Warning: Reference `tab:5.2.2' on page 11 undefined on input line 227.


LaTeX Warning: Citation `5' on page 11 undefined on input line 233.


LaTeX Warning: Reference `LastPage' on page 11 undefined on input line 248.


Package fancyhdr Warning: \headheight is too small (12.0pt): 
(fancyhdr)                Make it at least 13.59999pt, for example:
(fancyhdr)                \setlength{\headheight}{13.59999pt}.
(fancyhdr)                You might also make \topmargin smaller to compensate:

(fancyhdr)                \addtolength{\topmargin}{-1.59999pt}.

[11]

LaTeX Warning: Citation `7' on page 12 undefined on input line 289.


LaTeX Warning: Reference `LastPage' on page 12 undefined on input line 302.


Package fancyhdr Warning: \headheight is too small (12.0pt): 
(fancyhdr)                Make it at least 13.59999pt, for example:
(fancyhdr)                \setlength{\headheight}{13.59999pt}.
(fancyhdr)                You might also make \topmargin smaller to compensate:

(fancyhdr)                \addtolength{\topmargin}{-1.59999pt}.

[12]

LaTeX Warning: Reference `tab:5.2.1' on page 13 undefined on input line 310.


Package caption Warning: The option `hypcap=true' will be ignored for this
(caption)                particular \caption on input line 312.
See the caption package documentation for explanation.

> Step: init table outer spec.
> Step: parse table options.
> Step: split table.
> Step: init table inner spec.
> Step: parse table inner spec.
> Step: execute table commands.
> Step: calculate cell and line sizes.

Overfull \hbox (22.66557pt too wide) in paragraph at lines 325--325
 [][]\OT1/ptm/m/n/12 R1A3ZUBR8TSAKY[] 
 []


Overfull \hbox (22.66557pt too wide) in paragraph at lines 325--325
 [][]\OT1/ptm/m/n/12 R1A3ZUBR8TSAKY[] 
 []


Overfull \hbox (14.66167pt too wide) in paragraph at lines 325--325
 [][]\OT1/ptm/m/n/12 RG9XY3EKPUCL1[] 
 []


Overfull \hbox (14.66167pt too wide) in paragraph at lines 325--325
 [][]\OT1/ptm/m/n/12 RG9XY3EKPUCL1[] 
 []

> Step: build the whole table.

Overfull \hbox (22.66557pt too wide) in paragraph at lines 325--325
 [][]\OT1/ptm/m/n/12 R1A3ZUBR8TSAKY[] 
 []


Overfull \hbox (22.66557pt too wide) in paragraph at lines 325--325
 [][]\OT1/ptm/m/n/12 R1A3ZUBR8TSAKY[] 
 []


Overfull \hbox (14.66167pt too wide) in paragraph at lines 325--325
 [][]\OT1/ptm/m/n/12 RG9XY3EKPUCL1[] 
 []


Overfull \hbox (14.66167pt too wide) in paragraph at lines 325--325
 [][]\OT1/ptm/m/n/12 RG9XY3EKPUCL1[] 
 []


LaTeX Warning: Reference `fig:6.2.1.a' on page 13 undefined on input line 330.

</home/sayno/mcm/2022-4/figures//6.2.1.png, id=141, 623.32875pt x 502.12593pt>
File: /home/sayno/mcm/2022-4/figures//6.2.1.png Graphic file (type png)
<use /home/sayno/mcm/2022-4/figures//6.2.1.png>
Package pdftex.def Info: /home/sayno/mcm/2022-4/figures//6.2.1.png  used on inp
ut line 336.
(pdftex.def)             Requested size: 187.00006pt x 150.63893pt.
</home/sayno/mcm/2022-4/figures//6.2.2.png, id=142, 523.20468pt x 420.82219pt>
File: /home/sayno/mcm/2022-4/figures//6.2.2.png Graphic file (type png)
<use /home/sayno/mcm/2022-4/figures//6.2.2.png>
Package pdftex.def Info: /home/sayno/mcm/2022-4/figures//6.2.2.png  used on inp
ut line 341.
(pdftex.def)             Requested size: 183.12437pt x 147.28996pt.

LaTeX Warning: Reference `fig:6.2.2' on page 13 undefined on input line 345.


LaTeX Warning: Reference `fig:6.2.1' on page 13 undefined on input line 345.


LaTeX Warning: Reference `fig:6.2.2' on page 13 undefined on input line 345.


LaTeX Warning: Reference `LastPage' on page 13 undefined on input line 349.


Package fancyhdr Warning: \headheight is too small (12.0pt): 
(fancyhdr)                Make it at least 13.59999pt, for example:
(fancyhdr)                \setlength{\headheight}{13.59999pt}.
(fancyhdr)                You might also make \topmargin smaller to compensate:

(fancyhdr)                \addtolength{\topmargin}{-1.59999pt}.

[13]

LaTeX Warning: Citation `6' on page 14 undefined on input line 350.


Overfull \hbox (74.78365pt too wide) in paragraph at lines 355--357
\OT1/ptm/m/n/12 the par-ti-tion of the hy-per-plane is de-ter-mined by $\OML/zt
mcm/m/it/12 W$ \OT1/ptm/m/n/12 and $\OML/ztmcm/m/it/12 b$\OT1/ptm/m/n/12 . Give
 the train-ing set $\OML/ztmcm/m/it/12 D \OT1/ztmcm/m/n/12 = \OMS/ztmcm/m/n/12 
f\OT1/ztmcm/m/n/12 (\OML/ztmcm/m/it/12 x[]; y[]\OT1/ztmcm/m/n/12 )\OML/ztmcm/m/
it/12 ; \OT1/ztmcm/m/n/12 (\OML/ztmcm/m/it/12 x[]; y[]\OT1/ztmcm/m/n/12 )\OML/z
tmcm/m/it/12 ; [] ; \OT1/ztmcm/m/n/12 (\OML/ztmcm/m/it/12 x[]; y[]\OT1/ztmcm/m/
n/12 )\OML/ztmcm/m/it/12 ; y[] \OMS/ztmcm/m/n/12 2
 []


Overfull \hbox (25.81926pt too wide) in paragraph at lines 372--373
[]\OT1/ptm/m/n/12 Since the con-di-tions for judg-ing suc-cess-ful or failed pr
od-ucts are not given in this pa-per, OneClassSVM
 []


Overfull \hbox (21.26216pt too wide) in paragraph at lines 372--373
\OT1/ptm/m/n/12 needs to be in-tro-duced to dis-tin-guish suc-cess-ful prod-uct
s from failed prod-ucts. The goal of OneClassSVM
 []


LaTeX Warning: Reference `LastPage' on page 14 undefined on input line 373.


Package fancyhdr Warning: \headheight is too small (12.0pt): 
(fancyhdr)                Make it at least 13.59999pt, for example:
(fancyhdr)                \setlength{\headheight}{13.59999pt}.
(fancyhdr)                You might also make \topmargin smaller to compensate:

(fancyhdr)                \addtolength{\topmargin}{-1.59999pt}.

[14 </home/sayno/mcm/2022-4/figures//6.2.1.png> </home/sayno/mcm/2022-4/figures
//6.2.2.png>]

LaTeX Warning: Reference `tab:7.2.1' on page 15 undefined on input line 374.


Package caption Warning: The option `hypcap=true' will be ignored for this
(caption)                particular \caption on input line 376.
See the caption package documentation for explanation.

> Step: init table outer spec.
> Step: parse table options.
> Step: split table.
> Step: init table inner spec.
> Step: parse table inner spec.
> Step: execute table commands.
> Step: calculate cell and line sizes.
> Step: build the whole table.

LaTeX Warning: Citation `8' on page 15 undefined on input line 394.


LaTeX Warning: Reference `tab:8.2.1' on page 15 undefined on input line 403.


Package caption Warning: The option `hypcap=true' will be ignored for this
(caption)                particular \caption on input line 405.
See the caption package documentation for explanation.

> Step: init table outer spec.
> Step: parse table options.
> Step: split table.
> Step: init table inner spec.
> Step: parse table inner spec.
> Step: execute table commands.
> Step: calculate cell and line sizes.
> Step: build the whole table.

LaTeX Warning: Reference `LastPage' on page 15 undefined on input line 421.


Package fancyhdr Warning: \headheight is too small (12.0pt): 
(fancyhdr)                Make it at least 13.59999pt, for example:
(fancyhdr)                \setlength{\headheight}{13.59999pt}.
(fancyhdr)                You might also make \topmargin smaller to compensate:

(fancyhdr)                \addtolength{\topmargin}{-1.59999pt}.

[15]

LaTeX Warning: Reference `tab:8.2.2' on page 16 undefined on input line 422.


Package caption Warning: The option `hypcap=true' will be ignored for this
(caption)                particular \caption on input line 424.
See the caption package documentation for explanation.

> Step: init table outer spec.
> Step: parse table options.
> Step: split table.
> Step: init table inner spec.
> Step: parse table inner spec.
> Step: execute table commands.
> Step: calculate cell and line sizes.
> Step: build the whole table.

LaTeX Warning: Citation `8' on page 16 undefined on input line 445.


LaTeX Warning: Reference `fig:9.1.1' on page 16 undefined on input line 445.

</home/sayno/mcm/2022-4/figures//9.1.1.png, id=176, 1178.15157pt x 331.2375pt>
File: /home/sayno/mcm/2022-4/figures//9.1.1.png Graphic file (type png)
<use /home/sayno/mcm/2022-4/figures//9.1.1.png>
Package pdftex.def Info: /home/sayno/mcm/2022-4/figures//9.1.1.png  used on inp
ut line 448.
(pdftex.def)             Requested size: 412.35922pt x 115.93484pt.

Package caption Warning: The option `hypcap=true' will be ignored for this
(caption)                particular \caption on input line 449.
See the caption package documentation for explanation.


LaTeX Warning: Reference `LastPage' on page 16 undefined on input line 453.


Package fancyhdr Warning: \headheight is too small (12.0pt): 
(fancyhdr)                Make it at least 13.59999pt, for example:
(fancyhdr)                \setlength{\headheight}{13.59999pt}.
(fancyhdr)                You might also make \topmargin smaller to compensate:

(fancyhdr)                \addtolength{\topmargin}{-1.59999pt}.

[16]

LaTeX Warning: Reference `LastPage' on page 17 undefined on input line 485.


Package fancyhdr Warning: \headheight is too small (12.0pt): 
(fancyhdr)                Make it at least 13.59999pt, for example:
(fancyhdr)                \setlength{\headheight}{13.59999pt}.
(fancyhdr)                You might also make \topmargin smaller to compensate:

(fancyhdr)                \addtolength{\topmargin}{-1.59999pt}.

[17 </home/sayno/mcm/2022-4/figures//9.1.1.png>]

LaTeX Warning: Reference `tab:10.1.1' on page 18 undefined on input line 500.


Package caption Warning: The option `hypcap=true' will be ignored for this
(caption)                particular \caption on input line 502.
See the caption package documentation for explanation.

> Step: init table outer spec.
> Step: parse table options.
> Step: split table.
> Step: init table inner spec.
> Step: parse table inner spec.
> Step: execute table commands.
> Step: calculate cell and line sizes.

Overfull \hbox (3.73856pt too wide) in paragraph at lines 516--516
 [][]\OT1/ptm/m/n/12 helpful[]ratio[] 
 []


Overfull \hbox (3.73856pt too wide) in paragraph at lines 516--516
 [][]\OT1/ptm/m/n/12 helpful[]ratio[] 
 []


Overfull \hbox (40.77052pt too wide) in paragraph at lines 516--516
 [][]\OT1/ptm/m/n/12 R230LCPQDOFJJZ[] 
 []


Overfull \hbox (40.77052pt too wide) in paragraph at lines 516--516
 [][]\OT1/ptm/m/n/12 R230LCPQDOFJJZ[] 
 []


Overfull \hbox (41.40685pt too wide) in paragraph at lines 516--516
 [][]\OT1/ptm/m/n/12 R21NN9ONVZITI0[] 
 []


Overfull \hbox (41.40685pt too wide) in paragraph at lines 516--516
 [][]\OT1/ptm/m/n/12 R21NN9ONVZITI0[] 
 []


Overfull \hbox (50.09451pt too wide) in paragraph at lines 516--516
 [][]\OT1/ptm/m/n/12 R3N0F2FKJOMGKK[] 
 []


Overfull \hbox (50.09451pt too wide) in paragraph at lines 516--516
 [][]\OT1/ptm/m/n/12 R3N0F2FKJOMGKK[] 
 []

> Step: build the whole table.

Overfull \hbox (3.73856pt too wide) in paragraph at lines 516--516
 [][]\OT1/ptm/m/n/12 helpful[]ratio[] 
 []


Overfull \hbox (3.73856pt too wide) in paragraph at lines 516--516
 [][]\OT1/ptm/m/n/12 helpful[]ratio[] 
 []


Overfull \hbox (40.77052pt too wide) in paragraph at lines 516--516
 [][]\OT1/ptm/m/n/12 R230LCPQDOFJJZ[] 
 []


Overfull \hbox (40.77052pt too wide) in paragraph at lines 516--516
 [][]\OT1/ptm/m/n/12 R230LCPQDOFJJZ[] 
 []


Overfull \hbox (41.40685pt too wide) in paragraph at lines 516--516
 [][]\OT1/ptm/m/n/12 R21NN9ONVZITI0[] 
 []


Overfull \hbox (41.40685pt too wide) in paragraph at lines 516--516
 [][]\OT1/ptm/m/n/12 R21NN9ONVZITI0[] 
 []


Overfull \hbox (50.09451pt too wide) in paragraph at lines 516--516
 [][]\OT1/ptm/m/n/12 R3N0F2FKJOMGKK[] 
 []


Overfull \hbox (50.09451pt too wide) in paragraph at lines 516--516
 [][]\OT1/ptm/m/n/12 R3N0F2FKJOMGKK[] 
 []


LaTeX Warning: Reference `LastPage' on page 18 undefined on input line 524.


Package fancyhdr Warning: \headheight is too small (12.0pt): 
(fancyhdr)                Make it at least 13.59999pt, for example:
(fancyhdr)                \setlength{\headheight}{13.59999pt}.
(fancyhdr)                You might also make \topmargin smaller to compensate:

(fancyhdr)                \addtolength{\topmargin}{-1.59999pt}.

[18]

LaTeX Warning: Reference `LastPage' on page 19 undefined on input line 536.


Package fancyhdr Warning: \headheight is too small (12.0pt): 
(fancyhdr)                Make it at least 13.59999pt, for example:
(fancyhdr)                \setlength{\headheight}{13.59999pt}.
(fancyhdr)                You might also make \topmargin smaller to compensate:

(fancyhdr)                \addtolength{\topmargin}{-1.59999pt}.

[19])

LaTeX Warning: Reference `LastPage' on page 20 undefined on input line 92.


Package fancyhdr Warning: \headheight is too small (12.0pt): 
(fancyhdr)                Make it at least 13.59999pt, for example:
(fancyhdr)                \setlength{\headheight}{13.59999pt}.
(fancyhdr)                You might also make \topmargin smaller to compensate:

(fancyhdr)                \addtolength{\topmargin}{-1.59999pt}.

[20]

Package hyperref Warning: Token not allowed in a PDF string (Unicode):
(hyperref)                \hskip 12.0pt
(hyperref)                replaced by space on input line 94.


Underfull \hbox (badness 1147) in paragraph at lines 98--99
[]\OT1/ptm/m/n/12 Yang Junchuang, Zhao Chao. Re-view of K-Means Clus-ter-ing Al
-go-rithm Re-search [J].
 []


Underfull \hbox (badness 1960) in paragraph at lines 98--99
\OT1/ptm/m/n/12 Com-puter En-gi-neer-ing and Ap-pli-ca-tions, 2019,55(23):7-14,
63. DOI:10.3778/j.issn.1002-
 []


Underfull \hbox (badness 5302) in paragraph at lines 101--102
[]\OT1/ptm/m/n/12 Peng Yue. In-tro-duc-tion of ARIMA Model[J]. Elec-tronic Worl
d, 2014(10):259-259.
 []


LaTeX Warning: Reference `LastPage' on page 21 undefined on input line 104.


Package fancyhdr Warning: \headheight is too small (12.0pt): 
(fancyhdr)                Make it at least 13.59999pt, for example:
(fancyhdr)                \setlength{\headheight}{13.59999pt}.
(fancyhdr)                You might also make \topmargin smaller to compensate:

(fancyhdr)                \addtolength{\topmargin}{-1.59999pt}.

[21]
! ./code/Mercer-Data-visualization.py not found.
! pdfTeX error (ext5): cannot open file for embedding.
<argument> ..../code/Mercer-Data-visualization.py}
                                                  \expandafter \xdef \csname...
l.108 ...ization.py}{Mercer-Data-visualization.py}
                                                  

 
Here is how much of TeX's memory you used:
 19807 strings out of 478287
 363214 string characters out of 5846765
 809974 words of memory out of 5000000
 37514 multiletter control sequences out of 15000+600000
 518997 words of font info for 132 fonts, out of 8000000 for 9000
 1141 hyphenation exceptions out of 8191
 79i,13n,106p,1304b,965s stack positions out of 5000i,500n,10000p,200000b,80000s
!  ==> Fatal error occurred, no output PDF file produced!
